0 info it worked if it ends with ok
1 verbose cli [ 'node', '/usr/local/bin/npm', 'install' ]
2 info using npm@1.4.28
3 info using node@v0.10.33
4 verbose readDependencies using package.json deps
5 verbose install where, deps [ '/Users/mcwalinski/WashingtonPost/video',
5 verbose install   [ 'body-parser',
5 verbose install     'cookie-parser',
5 verbose install     'debug',
5 verbose install     'ejs',
5 verbose install     'express',
5 verbose install     'method-override',
5 verbose install     'mongoose',
5 verbose install     'morgan',
5 verbose install     'serve-favicon' ] ]
6 info preinstall MeanStack@0.0.1
7 verbose readDependencies using package.json deps
8 verbose cache add [ 'body-parser@~1.12.0', null ]
9 verbose cache add name=undefined spec="body-parser@~1.12.0" args=["body-parser@~1.12.0",null]
10 verbose parsed url { protocol: null,
10 verbose parsed url   slashes: null,
10 verbose parsed url   auth: null,
10 verbose parsed url   host: null,
10 verbose parsed url   port: null,
10 verbose parsed url   hostname: null,
10 verbose parsed url   hash: null,
10 verbose parsed url   search: null,
10 verbose parsed url   query: null,
10 verbose parsed url   pathname: 'body-parser@~1.12.0',
10 verbose parsed url   path: 'body-parser@~1.12.0',
10 verbose parsed url   href: 'body-parser@~1.12.0' }
11 verbose cache add [ 'cookie-parser@~1.3.4', null ]
12 verbose cache add name=undefined spec="cookie-parser@~1.3.4" args=["cookie-parser@~1.3.4",null]
13 verbose parsed url { protocol: null,
13 verbose parsed url   slashes: null,
13 verbose parsed url   auth: null,
13 verbose parsed url   host: null,
13 verbose parsed url   port: null,
13 verbose parsed url   hostname: null,
13 verbose parsed url   hash: null,
13 verbose parsed url   search: null,
13 verbose parsed url   query: null,
13 verbose parsed url   pathname: 'cookie-parser@~1.3.4',
13 verbose parsed url   path: 'cookie-parser@~1.3.4',
13 verbose parsed url   href: 'cookie-parser@~1.3.4' }
14 verbose cache add [ 'debug@~2.1.1', null ]
15 verbose cache add name=undefined spec="debug@~2.1.1" args=["debug@~2.1.1",null]
16 verbose parsed url { protocol: null,
16 verbose parsed url   slashes: null,
16 verbose parsed url   auth: null,
16 verbose parsed url   host: null,
16 verbose parsed url   port: null,
16 verbose parsed url   hostname: null,
16 verbose parsed url   hash: null,
16 verbose parsed url   search: null,
16 verbose parsed url   query: null,
16 verbose parsed url   pathname: 'debug@~2.1.1',
16 verbose parsed url   path: 'debug@~2.1.1',
16 verbose parsed url   href: 'debug@~2.1.1' }
17 verbose cache add name="body-parser" spec="~1.12.0" args=["body-parser","~1.12.0"]
18 verbose parsed url { protocol: null,
18 verbose parsed url   slashes: null,
18 verbose parsed url   auth: null,
18 verbose parsed url   host: null,
18 verbose parsed url   port: null,
18 verbose parsed url   hostname: null,
18 verbose parsed url   hash: null,
18 verbose parsed url   search: null,
18 verbose parsed url   query: null,
18 verbose parsed url   pathname: '~1.12.0',
18 verbose parsed url   path: '~1.12.0',
18 verbose parsed url   href: '~1.12.0' }
19 verbose addNamed [ 'body-parser', '~1.12.0' ]
20 verbose addNamed [ null, '>=1.12.0-0 <1.13.0-0' ]
21 verbose cache add name="cookie-parser" spec="~1.3.4" args=["cookie-parser","~1.3.4"]
22 verbose parsed url { protocol: null,
22 verbose parsed url   slashes: null,
22 verbose parsed url   auth: null,
22 verbose parsed url   host: null,
22 verbose parsed url   port: null,
22 verbose parsed url   hostname: null,
22 verbose parsed url   hash: null,
22 verbose parsed url   search: null,
22 verbose parsed url   query: null,
22 verbose parsed url   pathname: '~1.3.4',
22 verbose parsed url   path: '~1.3.4',
22 verbose parsed url   href: '~1.3.4' }
23 verbose addNamed [ 'cookie-parser', '~1.3.4' ]
24 verbose addNamed [ null, '>=1.3.4-0 <1.4.0-0' ]
25 verbose cache add [ 'ejs@~2.3.1', null ]
26 verbose cache add name=undefined spec="ejs@~2.3.1" args=["ejs@~2.3.1",null]
27 verbose parsed url { protocol: null,
27 verbose parsed url   slashes: null,
27 verbose parsed url   auth: null,
27 verbose parsed url   host: null,
27 verbose parsed url   port: null,
27 verbose parsed url   hostname: null,
27 verbose parsed url   hash: null,
27 verbose parsed url   search: null,
27 verbose parsed url   query: null,
27 verbose parsed url   pathname: 'ejs@~2.3.1',
27 verbose parsed url   path: 'ejs@~2.3.1',
27 verbose parsed url   href: 'ejs@~2.3.1' }
28 verbose cache add name="debug" spec="~2.1.1" args=["debug","~2.1.1"]
29 verbose parsed url { protocol: null,
29 verbose parsed url   slashes: null,
29 verbose parsed url   auth: null,
29 verbose parsed url   host: null,
29 verbose parsed url   port: null,
29 verbose parsed url   hostname: null,
29 verbose parsed url   hash: null,
29 verbose parsed url   search: null,
29 verbose parsed url   query: null,
29 verbose parsed url   pathname: '~2.1.1',
29 verbose parsed url   path: '~2.1.1',
29 verbose parsed url   href: '~2.1.1' }
30 verbose addNamed [ 'debug', '~2.1.1' ]
31 verbose addNamed [ null, '>=2.1.1-0 <2.2.0-0' ]
32 silly lockFile 6121e062-body-parser-1-12-0 body-parser@~1.12.0
33 verbose lock body-parser@~1.12.0 /Users/mcwalinski/.npm/6121e062-body-parser-1-12-0.lock
34 silly lockFile bb69fa92-cookie-parser-1-3-4 cookie-parser@~1.3.4
35 verbose lock cookie-parser@~1.3.4 /Users/mcwalinski/.npm/bb69fa92-cookie-parser-1-3-4.lock
36 silly lockFile 09d11068-debug-2-1-1 debug@~2.1.1
37 verbose lock debug@~2.1.1 /Users/mcwalinski/.npm/09d11068-debug-2-1-1.lock
38 verbose cache add [ 'express@~4.12.2', null ]
39 verbose cache add name=undefined spec="express@~4.12.2" args=["express@~4.12.2",null]
40 verbose parsed url { protocol: null,
40 verbose parsed url   slashes: null,
40 verbose parsed url   auth: null,
40 verbose parsed url   host: null,
40 verbose parsed url   port: null,
40 verbose parsed url   hostname: null,
40 verbose parsed url   hash: null,
40 verbose parsed url   search: null,
40 verbose parsed url   query: null,
40 verbose parsed url   pathname: 'express@~4.12.2',
40 verbose parsed url   path: 'express@~4.12.2',
40 verbose parsed url   href: 'express@~4.12.2' }
41 verbose cache add name="ejs" spec="~2.3.1" args=["ejs","~2.3.1"]
42 verbose parsed url { protocol: null,
42 verbose parsed url   slashes: null,
42 verbose parsed url   auth: null,
42 verbose parsed url   host: null,
42 verbose parsed url   port: null,
42 verbose parsed url   hostname: null,
42 verbose parsed url   hash: null,
42 verbose parsed url   search: null,
42 verbose parsed url   query: null,
42 verbose parsed url   pathname: '~2.3.1',
42 verbose parsed url   path: '~2.3.1',
42 verbose parsed url   href: '~2.3.1' }
43 verbose addNamed [ 'ejs', '~2.3.1' ]
44 verbose addNamed [ null, '>=2.3.1-0 <2.4.0-0' ]
45 silly lockFile 35acc1b3-ejs-2-3-1 ejs@~2.3.1
46 verbose lock ejs@~2.3.1 /Users/mcwalinski/.npm/35acc1b3-ejs-2-3-1.lock
47 verbose cache add [ 'method-override@^2.3.3', null ]
48 verbose cache add name=undefined spec="method-override@^2.3.3" args=["method-override@^2.3.3",null]
49 verbose parsed url { protocol: null,
49 verbose parsed url   slashes: null,
49 verbose parsed url   auth: null,
49 verbose parsed url   host: null,
49 verbose parsed url   port: null,
49 verbose parsed url   hostname: null,
49 verbose parsed url   hash: null,
49 verbose parsed url   search: null,
49 verbose parsed url   query: null,
49 verbose parsed url   pathname: 'method-override@^2.3.3',
49 verbose parsed url   path: 'method-override@^2.3.3',
49 verbose parsed url   href: 'method-override@^2.3.3' }
50 verbose cache add name="express" spec="~4.12.2" args=["express","~4.12.2"]
51 verbose parsed url { protocol: null,
51 verbose parsed url   slashes: null,
51 verbose parsed url   auth: null,
51 verbose parsed url   host: null,
51 verbose parsed url   port: null,
51 verbose parsed url   hostname: null,
51 verbose parsed url   hash: null,
51 verbose parsed url   search: null,
51 verbose parsed url   query: null,
51 verbose parsed url   pathname: '~4.12.2',
51 verbose parsed url   path: '~4.12.2',
51 verbose parsed url   href: '~4.12.2' }
52 verbose addNamed [ 'express', '~4.12.2' ]
53 verbose addNamed [ null, '>=4.12.2-0 <4.13.0-0' ]
54 silly lockFile 702f5120-express-4-12-2 express@~4.12.2
55 verbose lock express@~4.12.2 /Users/mcwalinski/.npm/702f5120-express-4-12-2.lock
56 silly addNameRange { name: 'body-parser',
56 silly addNameRange   range: '>=1.12.0-0 <1.13.0-0',
56 silly addNameRange   hasData: false }
57 silly addNameRange { name: 'cookie-parser',
57 silly addNameRange   range: '>=1.3.4-0 <1.4.0-0',
57 silly addNameRange   hasData: false }
58 silly addNameRange { name: 'debug', range: '>=2.1.1-0 <2.2.0-0', hasData: false }
59 verbose cache add [ 'mongoose@^4.0.1', null ]
60 verbose cache add name=undefined spec="mongoose@^4.0.1" args=["mongoose@^4.0.1",null]
61 verbose parsed url { protocol: null,
61 verbose parsed url   slashes: null,
61 verbose parsed url   auth: null,
61 verbose parsed url   host: null,
61 verbose parsed url   port: null,
61 verbose parsed url   hostname: null,
61 verbose parsed url   hash: null,
61 verbose parsed url   search: null,
61 verbose parsed url   query: null,
61 verbose parsed url   pathname: 'mongoose@^4.0.1',
61 verbose parsed url   path: 'mongoose@^4.0.1',
61 verbose parsed url   href: 'mongoose@^4.0.1' }
62 verbose cache add [ 'morgan@~1.5.1', null ]
63 verbose cache add name=undefined spec="morgan@~1.5.1" args=["morgan@~1.5.1",null]
64 verbose parsed url { protocol: null,
64 verbose parsed url   slashes: null,
64 verbose parsed url   auth: null,
64 verbose parsed url   host: null,
64 verbose parsed url   port: null,
64 verbose parsed url   hostname: null,
64 verbose parsed url   hash: null,
64 verbose parsed url   search: null,
64 verbose parsed url   query: null,
64 verbose parsed url   pathname: 'morgan@~1.5.1',
64 verbose parsed url   path: 'morgan@~1.5.1',
64 verbose parsed url   href: 'morgan@~1.5.1' }
65 verbose cache add [ 'serve-favicon@~2.2.0', null ]
66 verbose cache add name=undefined spec="serve-favicon@~2.2.0" args=["serve-favicon@~2.2.0",null]
67 verbose parsed url { protocol: null,
67 verbose parsed url   slashes: null,
67 verbose parsed url   auth: null,
67 verbose parsed url   host: null,
67 verbose parsed url   port: null,
67 verbose parsed url   hostname: null,
67 verbose parsed url   hash: null,
67 verbose parsed url   search: null,
67 verbose parsed url   query: null,
67 verbose parsed url   pathname: 'serve-favicon@~2.2.0',
67 verbose parsed url   path: 'serve-favicon@~2.2.0',
67 verbose parsed url   href: 'serve-favicon@~2.2.0' }
68 verbose cache add name="method-override" spec="^2.3.3" args=["method-override","^2.3.3"]
69 verbose parsed url { protocol: null,
69 verbose parsed url   slashes: null,
69 verbose parsed url   auth: null,
69 verbose parsed url   host: null,
69 verbose parsed url   port: null,
69 verbose parsed url   hostname: null,
69 verbose parsed url   hash: null,
69 verbose parsed url   search: null,
69 verbose parsed url   query: null,
69 verbose parsed url   pathname: '^2.3.3',
69 verbose parsed url   path: '^2.3.3',
69 verbose parsed url   href: '^2.3.3' }
70 verbose addNamed [ 'method-override', '^2.3.3' ]
71 verbose addNamed [ null, '>=2.3.3-0 <3.0.0-0' ]
72 silly lockFile f804fdef-method-override-2-3-3 method-override@^2.3.3
73 verbose lock method-override@^2.3.3 /Users/mcwalinski/.npm/f804fdef-method-override-2-3-3.lock
74 verbose request where is /body-parser
75 verbose request registry https://registry.npmjs.org/
76 verbose request id 6cb98aff50db8233
77 verbose url raw /body-parser
78 verbose url resolving [ 'https://registry.npmjs.org/', './body-parser' ]
79 verbose url resolved https://registry.npmjs.org/body-parser
80 verbose request where is https://registry.npmjs.org/body-parser
81 info trying registry request attempt 1 at 12:38:52
82 http GET https://registry.npmjs.org/body-parser
83 verbose request where is /cookie-parser
84 verbose request registry https://registry.npmjs.org/
85 verbose url raw /cookie-parser
86 verbose url resolving [ 'https://registry.npmjs.org/', './cookie-parser' ]
87 verbose url resolved https://registry.npmjs.org/cookie-parser
88 verbose request where is https://registry.npmjs.org/cookie-parser
89 info trying registry request attempt 1 at 12:38:52
90 http GET https://registry.npmjs.org/cookie-parser
91 silly addNameRange { name: 'ejs', range: '>=2.3.1-0 <2.4.0-0', hasData: false }
92 verbose cache add name="mongoose" spec="^4.0.1" args=["mongoose","^4.0.1"]
93 verbose parsed url { protocol: null,
93 verbose parsed url   slashes: null,
93 verbose parsed url   auth: null,
93 verbose parsed url   host: null,
93 verbose parsed url   port: null,
93 verbose parsed url   hostname: null,
93 verbose parsed url   hash: null,
93 verbose parsed url   search: null,
93 verbose parsed url   query: null,
93 verbose parsed url   pathname: '^4.0.1',
93 verbose parsed url   path: '^4.0.1',
93 verbose parsed url   href: '^4.0.1' }
94 verbose addNamed [ 'mongoose', '^4.0.1' ]
95 verbose addNamed [ null, '>=4.0.1-0 <5.0.0-0' ]
96 silly lockFile 6d5e1044-mongoose-4-0-1 mongoose@^4.0.1
97 verbose lock mongoose@^4.0.1 /Users/mcwalinski/.npm/6d5e1044-mongoose-4-0-1.lock
98 verbose cache add name="morgan" spec="~1.5.1" args=["morgan","~1.5.1"]
99 verbose parsed url { protocol: null,
99 verbose parsed url   slashes: null,
99 verbose parsed url   auth: null,
99 verbose parsed url   host: null,
99 verbose parsed url   port: null,
99 verbose parsed url   hostname: null,
99 verbose parsed url   hash: null,
99 verbose parsed url   search: null,
99 verbose parsed url   query: null,
99 verbose parsed url   pathname: '~1.5.1',
99 verbose parsed url   path: '~1.5.1',
99 verbose parsed url   href: '~1.5.1' }
100 verbose addNamed [ 'morgan', '~1.5.1' ]
101 verbose addNamed [ null, '>=1.5.1-0 <1.6.0-0' ]
102 silly lockFile 66ba047d-morgan-1-5-1 morgan@~1.5.1
103 verbose lock morgan@~1.5.1 /Users/mcwalinski/.npm/66ba047d-morgan-1-5-1.lock
104 verbose cache add name="serve-favicon" spec="~2.2.0" args=["serve-favicon","~2.2.0"]
105 verbose parsed url { protocol: null,
105 verbose parsed url   slashes: null,
105 verbose parsed url   auth: null,
105 verbose parsed url   host: null,
105 verbose parsed url   port: null,
105 verbose parsed url   hostname: null,
105 verbose parsed url   hash: null,
105 verbose parsed url   search: null,
105 verbose parsed url   query: null,
105 verbose parsed url   pathname: '~2.2.0',
105 verbose parsed url   path: '~2.2.0',
105 verbose parsed url   href: '~2.2.0' }
106 verbose addNamed [ 'serve-favicon', '~2.2.0' ]
107 verbose addNamed [ null, '>=2.2.0-0 <2.3.0-0' ]
108 silly lockFile 9df5bad7-serve-favicon-2-2-0 serve-favicon@~2.2.0
109 verbose lock serve-favicon@~2.2.0 /Users/mcwalinski/.npm/9df5bad7-serve-favicon-2-2-0.lock
110 silly addNameRange { name: 'express',
110 silly addNameRange   range: '>=4.12.2-0 <4.13.0-0',
110 silly addNameRange   hasData: false }
111 verbose request where is /ejs
112 verbose request registry https://registry.npmjs.org/
113 verbose url raw /ejs
114 verbose url resolving [ 'https://registry.npmjs.org/', './ejs' ]
115 verbose url resolved https://registry.npmjs.org/ejs
116 verbose request where is https://registry.npmjs.org/ejs
117 info trying registry request attempt 1 at 12:38:52
118 http GET https://registry.npmjs.org/ejs
119 verbose request where is /express
120 verbose request registry https://registry.npmjs.org/
121 verbose url raw /express
122 verbose url resolving [ 'https://registry.npmjs.org/', './express' ]
123 verbose url resolved https://registry.npmjs.org/express
124 verbose request where is https://registry.npmjs.org/express
125 info trying registry request attempt 1 at 12:38:52
126 http GET https://registry.npmjs.org/express
127 silly addNameRange { name: 'method-override',
127 silly addNameRange   range: '>=2.3.3-0 <3.0.0-0',
127 silly addNameRange   hasData: false }
128 silly addNameRange { name: 'mongoose', range: '>=4.0.1-0 <5.0.0-0', hasData: false }
129 silly addNameRange { name: 'morgan', range: '>=1.5.1-0 <1.6.0-0', hasData: false }
130 silly addNameRange { name: 'serve-favicon',
130 silly addNameRange   range: '>=2.2.0-0 <2.3.0-0',
130 silly addNameRange   hasData: false }
131 verbose request where is /morgan
132 verbose request registry https://registry.npmjs.org/
133 verbose url raw /morgan
134 verbose url resolving [ 'https://registry.npmjs.org/', './morgan' ]
135 verbose url resolved https://registry.npmjs.org/morgan
136 verbose request where is https://registry.npmjs.org/morgan
137 info trying registry request attempt 1 at 12:38:52
138 http GET https://registry.npmjs.org/morgan
139 verbose request where is /mongoose
140 verbose request registry https://registry.npmjs.org/
141 verbose url raw /mongoose
142 verbose url resolving [ 'https://registry.npmjs.org/', './mongoose' ]
143 verbose url resolved https://registry.npmjs.org/mongoose
144 verbose request where is https://registry.npmjs.org/mongoose
145 info trying registry request attempt 1 at 12:38:52
146 http GET https://registry.npmjs.org/mongoose
147 verbose request where is /method-override
148 verbose request registry https://registry.npmjs.org/
149 verbose url raw /method-override
150 verbose url resolving [ 'https://registry.npmjs.org/', './method-override' ]
151 verbose url resolved https://registry.npmjs.org/method-override
152 verbose request where is https://registry.npmjs.org/method-override
153 info trying registry request attempt 1 at 12:38:52
154 http GET https://registry.npmjs.org/method-override
155 verbose request where is /serve-favicon
156 verbose request registry https://registry.npmjs.org/
157 verbose url raw /serve-favicon
158 verbose url resolving [ 'https://registry.npmjs.org/', './serve-favicon' ]
159 verbose url resolved https://registry.npmjs.org/serve-favicon
160 verbose request where is https://registry.npmjs.org/serve-favicon
161 info trying registry request attempt 1 at 12:38:52
162 http GET https://registry.npmjs.org/serve-favicon
163 verbose request where is /debug
164 verbose request registry https://registry.npmjs.org/
165 verbose url raw /debug
166 verbose url resolving [ 'https://registry.npmjs.org/', './debug' ]
167 verbose url resolved https://registry.npmjs.org/debug
168 verbose request where is https://registry.npmjs.org/debug
169 info trying registry request attempt 1 at 12:38:52
170 verbose etag "8H4L45HGXGDN8GPKEY4WTFS2Y"
171 http GET https://registry.npmjs.org/debug
172 http 200 https://registry.npmjs.org/cookie-parser
173 silly registry.get cb [ 200,
173 silly registry.get   { server: 'CouchDB/1.5.0 (Erlang OTP/R16B03)',
173 silly registry.get     etag: '"7LLB6D7X2B8B82KBF69BKZGHA"',
173 silly registry.get     'content-type': 'application/json',
173 silly registry.get     'cache-control': 'max-age=60',
173 silly registry.get     'content-length': '17197',
173 silly registry.get     'accept-ranges': 'bytes',
173 silly registry.get     date: 'Tue, 16 Jun 2015 16:38:52 GMT',
173 silly registry.get     via: '1.1 varnish',
173 silly registry.get     age: '49',
173 silly registry.get     connection: 'keep-alive',
173 silly registry.get     'x-served-by': 'cache-iad2130-IAD',
173 silly registry.get     'x-cache': 'HIT',
173 silly registry.get     'x-cache-hits': '1',
173 silly registry.get     'x-timer': 'S1434472732.720082,VS0,VE0',
173 silly registry.get     vary: 'Accept' } ]
174 silly addNameRange number 2 { name: 'cookie-parser',
174 silly addNameRange   range: '>=1.3.4-0 <1.4.0-0',
174 silly addNameRange   hasData: true }
175 silly addNameRange versions [ 'cookie-parser',
175 silly addNameRange   [ '1.0.0',
175 silly addNameRange     '1.0.1',
175 silly addNameRange     '1.1.0',
175 silly addNameRange     '1.2.0',
175 silly addNameRange     '1.3.0',
175 silly addNameRange     '1.3.1',
175 silly addNameRange     '1.3.2',
175 silly addNameRange     '1.3.3',
175 silly addNameRange     '1.3.4',
175 silly addNameRange     '1.3.5' ] ]
176 verbose addNamed [ 'cookie-parser', '1.3.5' ]
177 verbose addNamed [ '1.3.5', '1.3.5' ]
178 silly lockFile b6f1abc3-cookie-parser-1-3-5 cookie-parser@1.3.5
179 verbose lock cookie-parser@1.3.5 /Users/mcwalinski/.npm/b6f1abc3-cookie-parser-1-3-5.lock
180 silly lockFile 4c901309-e-parser-cookie-parser-1-3-5-tgz https://registry.npmjs.org/cookie-parser/-/cookie-parser-1.3.5.tgz
181 verbose lock https://registry.npmjs.org/cookie-parser/-/cookie-parser-1.3.5.tgz /Users/mcwalinski/.npm/4c901309-e-parser-cookie-parser-1-3-5-tgz.lock
182 http 200 https://registry.npmjs.org/ejs
183 silly registry.get cb [ 200,
183 silly registry.get   { server: 'CouchDB/1.5.0 (Erlang OTP/R16B03)',
183 silly registry.get     etag: '"E7GTCFSOO16CWLF4BYYVHUTFA"',
183 silly registry.get     'content-type': 'application/json',
183 silly registry.get     'cache-control': 'max-age=60',
183 silly registry.get     'content-length': '45288',
183 silly registry.get     'accept-ranges': 'bytes',
183 silly registry.get     date: 'Tue, 16 Jun 2015 16:38:52 GMT',
183 silly registry.get     via: '1.1 varnish',
183 silly registry.get     age: '3',
183 silly registry.get     connection: 'keep-alive',
183 silly registry.get     'x-served-by': 'cache-iad2145-IAD',
183 silly registry.get     'x-cache': 'HIT',
183 silly registry.get     'x-cache-hits': '1',
183 silly registry.get     'x-timer': 'S1434472732.719741,VS0,VE0',
183 silly registry.get     vary: 'Accept' } ]
184 verbose addRemoteTarball [ 'https://registry.npmjs.org/cookie-parser/-/cookie-parser-1.3.5.tgz',
184 verbose addRemoteTarball   '9d755570fb5d17890771227a02314d9be7cf8356' ]
185 silly addNameRange number 2 { name: 'ejs', range: '>=2.3.1-0 <2.4.0-0', hasData: true }
186 silly addNameRange versions [ 'ejs',
186 silly addNameRange   [ '0.0.1',
186 silly addNameRange     '0.0.2',
186 silly addNameRange     '0.0.3',
186 silly addNameRange     '0.0.4',
186 silly addNameRange     '0.1.0',
186 silly addNameRange     '0.2.0',
186 silly addNameRange     '0.2.1',
186 silly addNameRange     '0.3.0',
186 silly addNameRange     '0.3.1',
186 silly addNameRange     '0.4.0',
186 silly addNameRange     '0.4.1',
186 silly addNameRange     '0.4.2',
186 silly addNameRange     '0.4.3',
186 silly addNameRange     '0.5.0',
186 silly addNameRange     '0.6.0',
186 silly addNameRange     '0.6.1',
186 silly addNameRange     '0.7.0',
186 silly addNameRange     '0.7.1',
186 silly addNameRange     '0.7.2',
186 silly addNameRange     '0.8.0',
186 silly addNameRange     '0.8.1',
186 silly addNameRange     '0.8.2',
186 silly addNameRange     '0.8.3',
186 silly addNameRange     '0.8.4',
186 silly addNameRange     '0.8.5',
186 silly addNameRange     '0.8.6',
186 silly addNameRange     '0.8.8',
186 silly addNameRange     '1.0.0',
186 silly addNameRange     '2.0.2',
186 silly addNameRange     '2.0.3',
186 silly addNameRange     '2.0.4',
186 silly addNameRange     '2.0.5',
186 silly addNameRange     '2.0.6',
186 silly addNameRange     '2.0.7',
186 silly addNameRange     '2.0.8',
186 silly addNameRange     '2.1.1',
186 silly addNameRange     '2.1.2',
186 silly addNameRange     '2.1.3',
186 silly addNameRange     '2.1.4',
186 silly addNameRange     '2.2.1',
186 silly addNameRange     '2.2.2',
186 silly addNameRange     '2.2.3',
186 silly addNameRange     '2.2.4',
186 silly addNameRange     '2.3.1' ] ]
187 verbose addNamed [ 'ejs', '2.3.1' ]
188 verbose addNamed [ '2.3.1', '2.3.1' ]
189 silly lockFile 823d5f08-ejs-2-3-1 ejs@2.3.1
190 verbose lock ejs@2.3.1 /Users/mcwalinski/.npm/823d5f08-ejs-2-3-1.lock
191 info retry fetch attempt 1 at 12:38:52
192 verbose fetch to= /var/folders/jc/kw12555j60d8tm518sbxvz8r0000gn/T/npm-63963-AHWukyi6/registry.npmjs.org/cookie-parser/-/cookie-parser-1.3.5.tgz
193 http GET https://registry.npmjs.org/cookie-parser/-/cookie-parser-1.3.5.tgz
194 silly lockFile f5dbddfd-stry-npmjs-org-ejs-ejs-2-3-1-tgz https://registry.npmjs.org/ejs/-/ejs-2.3.1.tgz
195 verbose lock https://registry.npmjs.org/ejs/-/ejs-2.3.1.tgz /Users/mcwalinski/.npm/f5dbddfd-stry-npmjs-org-ejs-ejs-2-3-1-tgz.lock
196 verbose addRemoteTarball [ 'https://registry.npmjs.org/ejs/-/ejs-2.3.1.tgz',
196 verbose addRemoteTarball   'a697d98ac401e32a99c3deed92c60c19b6199a7f' ]
197 info retry fetch attempt 1 at 12:38:52
198 verbose fetch to= /var/folders/jc/kw12555j60d8tm518sbxvz8r0000gn/T/npm-63963-AHWukyi6/registry.npmjs.org/ejs/-/ejs-2.3.1.tgz
199 http GET https://registry.npmjs.org/ejs/-/ejs-2.3.1.tgz
200 http 200 https://registry.npmjs.org/morgan
201 silly registry.get cb [ 200,
201 silly registry.get   { server: 'CouchDB/1.5.0 (Erlang OTP/R16B03)',
201 silly registry.get     etag: '"5539QCTNX9VALPSWRSFFT7NEH"',
201 silly registry.get     'content-type': 'application/json',
201 silly registry.get     'cache-control': 'max-age=60',
201 silly registry.get     'content-length': '39863',
201 silly registry.get     'accept-ranges': 'bytes',
201 silly registry.get     date: 'Tue, 16 Jun 2015 16:38:52 GMT',
201 silly registry.get     via: '1.1 varnish',
201 silly registry.get     age: '13',
201 silly registry.get     connection: 'keep-alive',
201 silly registry.get     'x-served-by': 'cache-iad2127-IAD',
201 silly registry.get     'x-cache': 'HIT',
201 silly registry.get     'x-cache-hits': '1',
201 silly registry.get     'x-timer': 'S1434472732.721906,VS0,VE0',
201 silly registry.get     vary: 'Accept' } ]
202 silly addNameRange number 2 { name: 'morgan', range: '>=1.5.1-0 <1.6.0-0', hasData: true }
203 silly addNameRange versions [ 'morgan',
203 silly addNameRange   [ '1.0.0',
203 silly addNameRange     '1.0.1',
203 silly addNameRange     '1.1.0',
203 silly addNameRange     '1.1.1',
203 silly addNameRange     '1.2.0',
203 silly addNameRange     '1.2.1',
203 silly addNameRange     '1.2.2',
203 silly addNameRange     '1.2.3',
203 silly addNameRange     '1.3.0',
203 silly addNameRange     '1.3.1',
203 silly addNameRange     '1.3.2',
203 silly addNameRange     '1.4.0',
203 silly addNameRange     '1.4.1',
203 silly addNameRange     '1.5.0',
203 silly addNameRange     '1.5.1',
203 silly addNameRange     '1.5.2',
203 silly addNameRange     '1.5.3',
203 silly addNameRange     '1.6.0' ] ]
204 verbose addNamed [ 'morgan', '1.5.3' ]
205 verbose addNamed [ '1.5.3', '1.5.3' ]
206 silly lockFile 012ce855-morgan-1-5-3 morgan@1.5.3
207 verbose lock morgan@1.5.3 /Users/mcwalinski/.npm/012ce855-morgan-1-5-3.lock
208 silly lockFile 491383d5-pmjs-org-morgan-morgan-1-5-3-tgz https://registry.npmjs.org/morgan/-/morgan-1.5.3.tgz
209 verbose lock https://registry.npmjs.org/morgan/-/morgan-1.5.3.tgz /Users/mcwalinski/.npm/491383d5-pmjs-org-morgan-morgan-1-5-3-tgz.lock
210 verbose addRemoteTarball [ 'https://registry.npmjs.org/morgan/-/morgan-1.5.3.tgz',
210 verbose addRemoteTarball   '8adb4e72f9e5c5436e5d93f42910835f79da9fdf' ]
211 info retry fetch attempt 1 at 12:38:52
212 verbose fetch to= /var/folders/jc/kw12555j60d8tm518sbxvz8r0000gn/T/npm-63963-AHWukyi6/registry.npmjs.org/morgan/-/morgan-1.5.3.tgz
213 http GET https://registry.npmjs.org/morgan/-/morgan-1.5.3.tgz
214 http 200 https://registry.npmjs.org/mongoose
215 silly registry.get cb [ 200,
215 silly registry.get   { server: 'CouchDB/1.5.0 (Erlang OTP/R16B03)',
215 silly registry.get     etag: '"1ZIQFQZ9EPM3IDXXDQZP8711A"',
215 silly registry.get     'content-type': 'application/json',
215 silly registry.get     'cache-control': 'max-age=60',
215 silly registry.get     'content-length': '326861',
215 silly registry.get     'accept-ranges': 'bytes',
215 silly registry.get     date: 'Tue, 16 Jun 2015 16:38:52 GMT',
215 silly registry.get     via: '1.1 varnish',
215 silly registry.get     age: '13',
215 silly registry.get     connection: 'keep-alive',
215 silly registry.get     'x-served-by': 'cache-iad2130-IAD',
215 silly registry.get     'x-cache': 'HIT',
215 silly registry.get     'x-cache-hits': '64',
215 silly registry.get     'x-timer': 'S1434472732.745842,VS0,VE0',
215 silly registry.get     vary: 'Accept' } ]
216 http 200 https://registry.npmjs.org/cookie-parser/-/cookie-parser-1.3.5.tgz
217 http 200 https://registry.npmjs.org/body-parser
218 silly registry.get cb [ 200,
218 silly registry.get   { server: 'CouchDB/1.5.0 (Erlang OTP/R16B03)',
218 silly registry.get     etag: '"2PN79QATHF7IXE64B0UKCZCJ1"',
218 silly registry.get     'content-type': 'application/json',
218 silly registry.get     'cache-control': 'max-age=60',
218 silly registry.get     'content-length': '99665',
218 silly registry.get     'accept-ranges': 'bytes',
218 silly registry.get     date: 'Tue, 16 Jun 2015 16:38:52 GMT',
218 silly registry.get     via: '1.1 varnish',
218 silly registry.get     age: '3',
218 silly registry.get     connection: 'keep-alive',
218 silly registry.get     'x-served-by': 'cache-iad2121-IAD',
218 silly registry.get     'x-cache': 'HIT',
218 silly registry.get     'x-cache-hits': '1',
218 silly registry.get     'x-timer': 'S1434472732.720118,VS0,VE0',
218 silly registry.get     vary: 'Accept' } ]
219 silly addNameRange number 2 { name: 'mongoose', range: '>=4.0.1-0 <5.0.0-0', hasData: true }
220 silly addNameRange versions [ 'mongoose',
220 silly addNameRange   [ '0.0.1',
220 silly addNameRange     '0.0.2',
220 silly addNameRange     '0.0.3',
220 silly addNameRange     '0.0.4',
220 silly addNameRange     '0.0.5',
220 silly addNameRange     '1.0.0',
220 silly addNameRange     '1.0.1',
220 silly addNameRange     '1.0.2',
220 silly addNameRange     '0.0.6',
220 silly addNameRange     '1.0.3',
220 silly addNameRange     '1.0.4',
220 silly addNameRange     '1.0.5',
220 silly addNameRange     '1.0.6',
220 silly addNameRange     '1.0.7',
220 silly addNameRange     '1.0.8',
220 silly addNameRange     '1.0.10',
220 silly addNameRange     '1.0.11',
220 silly addNameRange     '1.0.12',
220 silly addNameRange     '1.0.13',
220 silly addNameRange     '1.0.14',
220 silly addNameRange     '1.0.15',
220 silly addNameRange     '1.0.16',
220 silly addNameRange     '1.1.0',
220 silly addNameRange     '1.1.1',
220 silly addNameRange     '1.1.2',
220 silly addNameRange     '1.1.3',
220 silly addNameRange     '1.1.4',
220 silly addNameRange     '1.1.5',
220 silly addNameRange     '1.1.6',
220 silly addNameRange     '1.1.7',
220 silly addNameRange     '1.1.8',
220 silly addNameRange     '1.1.9',
220 silly addNameRange     '1.1.10',
220 silly addNameRange     '1.1.11',
220 silly addNameRange     '1.1.12',
220 silly addNameRange     '1.1.13',
220 silly addNameRange     '1.1.14',
220 silly addNameRange     '1.1.15',
220 silly addNameRange     '1.1.16',
220 silly addNameRange     '1.1.17',
220 silly addNameRange     '1.1.18',
220 silly addNameRange     '1.1.19',
220 silly addNameRange     '1.1.20',
220 silly addNameRange     '1.1.21',
220 silly addNameRange     '1.1.22',
220 silly addNameRange     '1.1.23',
220 silly addNameRange     '1.1.24',
220 silly addNameRange     '1.1.25',
220 silly addNameRange     '1.2.0',
220 silly addNameRange     '1.3.0',
220 silly addNameRange     '1.3.1',
220 silly addNameRange     '1.3.2',
220 silly addNameRange     '1.3.3',
220 silly addNameRange     '1.3.4',
220 silly addNameRange     '1.3.5',
220 silly addNameRange     '1.3.6',
220 silly addNameRange     '1.3.7',
220 silly addNameRange     '1.4.0',
220 silly addNameRange     '1.5.0',
220 silly addNameRange     '1.6.0',
220 silly addNameRange     '1.7.2',
220 silly addNameRange     '1.7.3',
220 silly addNameRange     '1.7.4',
220 silly addNameRange     '1.8.0',
220 silly addNameRange     '1.8.1',
220 silly addNameRange     '1.8.2',
220 silly addNameRange     '1.8.3',
220 silly addNameRange     '1.8.4',
220 silly addNameRange     '2.0.0',
220 silly addNameRange     '2.0.1',
220 silly addNameRange     '2.0.2',
220 silly addNameRange     '2.0.3',
220 silly addNameRange     '2.0.4',
220 silly addNameRange     '2.1.0',
220 silly addNameRange     '2.1.1',
220 silly addNameRange     '2.1.2',
220 silly addNameRange     '2.1.3',
220 silly addNameRange     '2.1.4',
220 silly addNameRange     '2.2.0',
220 silly addNameRange     '2.2.1',
220 silly addNameRange     '2.2.2',
220 silly addNameRange     '2.2.3',
220 silly addNameRange     '2.2.4',
220 silly addNameRange     '2.3.0',
220 silly addNameRange     '2.3.1',
220 silly addNameRange     '2.3.2',
220 silly addNameRange     '2.3.3',
220 silly addNameRange     '2.3.4',
220 silly addNameRange     '2.3.5',
220 silly addNameRange     '2.3.6',
220 silly addNameRange     '2.3.7',
220 silly addNameRange     '2.3.8',
220 silly addNameRange     '2.3.9',
220 silly addNameRange     '2.3.10',
220 silly addNameRange     '2.3.11',
220 silly addNameRange     '2.3.12',
220 silly addNameRange     '2.3.13',
220 silly addNameRange     '2.4.0',
220 silly addNameRange     '2.4.1',
220 silly addNameRange     '2.4.2',
220 silly addNameRange     '2.4.3',
220 silly addNameRange     '2.4.4',
220 silly addNameRange     '2.4.5',
220 silly addNameRange     '2.4.6',
220 silly addNameRange     '2.4.7',
220 silly addNameRange     '2.4.8',
220 silly addNameRange     '2.4.9',
220 silly addNameRange     '2.4.10',
220 silly addNameRange     '2.5.0',
220 silly addNameRange     '2.5.1',
220 silly addNameRange     '2.5.2',
220 silly addNameRange     '2.5.3',
220 silly addNameRange     '2.5.4',
220 silly addNameRange     '2.5.5',
220 silly addNameRange     '2.5.6',
220 silly addNameRange     '2.5.7',
220 silly addNameRange     '2.5.8',
220 silly addNameRange     '2.5.9',
220 silly addNameRange     '2.5.10',
220 silly addNameRange     '2.5.11',
220 silly addNameRange     '2.5.12',
220 silly addNameRange     '2.5.13',
220 silly addNameRange     '2.5.14',
220 silly addNameRange     '2.6.0',
220 silly addNameRange     '2.6.1',
220 silly addNameRange     '2.6.2',
220 silly addNameRange     '2.6.3',
220 silly addNameRange     '2.6.4',
220 silly addNameRange     '2.6.5',
220 silly addNameRange     '2.6.6',
220 silly addNameRange     '2.6.7',
220 silly addNameRange     '2.6.8',
220 silly addNameRange     '2.7.0',
220 silly addNameRange     '2.7.1',
220 silly addNameRange     '2.7.2',
220 silly addNameRange     '2.7.4',
220 silly addNameRange     '2.7.3',
220 silly addNameRange     '3.0.0',
220 silly addNameRange     '3.0.1',
220 silly addNameRange     '3.0.2',
220 silly addNameRange     '2.8.0',
220 silly addNameRange     '3.0.3',
220 silly addNameRange     '3.1.0',
220 silly addNameRange     '2.8.1',
220 silly addNameRange     '3.1.1',
220 silly addNameRange     '2.8.2',
220 silly addNameRange     '2.8.3',
220 silly addNameRange     '2.9.0',
220 silly addNameRange     '3.2.0',
220 silly addNameRange     '2.9.1',
220 silly addNameRange     '3.2.1',
220 silly addNameRange     '2.9.2',
220 silly addNameRange     '3.2.2',
220 silly addNameRange     '3.3.0',
220 silly addNameRange     '3.3.1',
220 silly addNameRange     '2.9.3',
220 silly addNameRange     '3.4.0',
220 silly addNameRange     '2.9.4',
220 silly addNameRange     '2.9.5',
220 silly addNameRange     '3.5.0',
220 silly addNameRange     '3.5.1',
220 silly addNameRange     '3.5.2',
220 silly addNameRange     '3.5.3',
220 silly addNameRange     '2.9.6',
220 silly addNameRange     '2.9.7',
220 silly addNameRange     '3.5.4',
220 silly addNameRange     '3.5.5',
220 silly addNameRange     '2.9.8',
220 silly addNameRange     '2.9.9',
220 silly addNameRange     '3.5.6',
220 silly addNameRange     '3.5.7',
220 silly addNameRange     '3.5.8',
220 silly addNameRange     '2.9.10',
220 silly addNameRange     '3.5.9',
220 silly addNameRange     '3.6.2',
220 silly addNameRange     '3.5.10',
220 silly addNameRange     '3.6.3',
220 silly addNameRange     '3.5.11',
220 silly addNameRange     '3.6.4',
220 silly addNameRange     '3.6.5',
220 silly addNameRange     '3.6.6',
220 silly addNameRange     '3.6.7',
220 silly addNameRange     '3.5.12',
220 silly addNameRange     '3.6.8',
220 silly addNameRange     '3.6.9',
220 silly addNameRange     '3.6.10',
220 silly addNameRange     '3.5.13',
220 silly addNameRange     '3.5.14',
220 silly addNameRange     '3.6.11',
220 silly addNameRange     '3.6.12',
220 silly addNameRange     '3.6.13',
220 silly addNameRange     '3.6.14',
220 silly addNameRange     '3.6.15',
220 silly addNameRange     '3.5.15',
220 silly addNameRange     '3.7.0',
220 silly addNameRange     '3.6.16',
220 silly addNameRange     '3.5.16',
220 silly addNameRange     '3.6.17',
220 silly addNameRange     '3.7.2',
220 silly addNameRange     '3.0.0-alpha1',
220 silly addNameRange     '3.0.0-alpha2',
220 silly addNameRange     '3.0.0-rc0',
220 silly addNameRange     '3.6.0-rc0',
220 silly addNameRange     '3.6.0-rc1',
220 silly addNameRange     '3.6.18',
220 silly addNameRange     '3.7.3',
220 silly addNameRange     '3.6.19',
220 silly addNameRange     '3.6.20',
220 silly addNameRange     '3.7.4',
220 silly addNameRange     '3.8.0',
220 silly addNameRange     '3.8.1',
220 silly addNameRange     '3.8.2',
220 silly addNameRange     '3.8.3',
220 silly addNameRange     '3.8.4',
220 silly addNameRange     '3.8.5',
220 silly addNameRange     '3.8.6',
220 silly addNameRange     '3.8.7',
220 silly addNameRange     '3.8.8',
220 silly addNameRange     '3.8.9',
220 silly addNameRange     '3.8.10',
220 silly addNameRange     '3.8.11',
220 silly addNameRange     '3.9.0',
220 silly addNameRange     '3.8.12',
220 silly addNameRange     '3.8.13',
220 silly addNameRange     '3.8.14',
220 silly addNameRange     '3.8.15',
220 silly addNameRange     '3.9.1',
220 silly addNameRange     '3.8.16',
220 silly addNameRange     '3.9.2',
220 silly addNameRange     '3.8.17',
220 silly addNameRange     '3.9.3',
220 silly addNameRange     '3.8.18',
220 silly addNameRange     '3.9.4',
220 silly addNameRange     '3.8.19',
220 silly addNameRange     '3.9.5',
220 silly addNameRange     '3.8.20',
220 silly addNameRange     '3.9.6',
220 silly addNameRange     '3.8.21',
220 silly addNameRange     '3.9.7',
220 silly addNameRange     '3.8.22',
220 silly addNameRange     '4.0.0-rc0',
220 silly addNameRange     '4.0.0-rc1',
220 silly addNameRange     '3.8.23',
220 silly addNameRange     '4.0.0-rc2',
220 silly addNameRange     '3.8.24',
220 silly addNameRange     '4.0.0-rc3',
220 silly addNameRange     '3.8.25',
220 silly addNameRange     '4.0.0-rc4',
220 silly addNameRange     '4.0.0',
220 silly addNameRange     '4.0.1',
220 silly addNameRange     '3.8.26',
220 silly addNameRange     '3.8.27',
220 silly addNameRange     '4.0.2',
220 silly addNameRange     '3.8.28',
220 silly addNameRange     '4.0.3',
220 silly addNameRange     '3.8.29',
220 silly addNameRange     '4.0.4',
220 silly addNameRange     '3.8.30',
220 silly addNameRange     '4.0.5' ] ]
221 verbose addNamed [ 'mongoose', '4.0.5' ]
222 verbose addNamed [ '4.0.5', '4.0.5' ]
223 silly lockFile 59dd479b-mongoose-4-0-5 mongoose@4.0.5
224 verbose lock mongoose@4.0.5 /Users/mcwalinski/.npm/59dd479b-mongoose-4-0-5.lock
225 http 200 https://registry.npmjs.org/debug
226 silly registry.get cb [ 200,
226 silly registry.get   { server: 'CouchDB/1.5.0 (Erlang OTP/R16B03)',
226 silly registry.get     etag: '"2T7I20OARVMTSKDMMBVQ9H064"',
226 silly registry.get     'content-type': 'application/json',
226 silly registry.get     'cache-control': 'max-age=60',
226 silly registry.get     'content-length': '34694',
226 silly registry.get     'accept-ranges': 'bytes',
226 silly registry.get     date: 'Tue, 16 Jun 2015 16:38:52 GMT',
226 silly registry.get     via: '1.1 varnish',
226 silly registry.get     age: '16',
226 silly registry.get     connection: 'keep-alive',
226 silly registry.get     'x-served-by': 'cache-iad2130-IAD',
226 silly registry.get     'x-cache': 'HIT',
226 silly registry.get     'x-cache-hits': '1',
226 silly registry.get     'x-timer': 'S1434472732.819491,VS0,VE0',
226 silly registry.get     vary: 'Accept' } ]
227 http 200 https://registry.npmjs.org/ejs/-/ejs-2.3.1.tgz
228 silly addNameRange number 2 { name: 'body-parser',
228 silly addNameRange   range: '>=1.12.0-0 <1.13.0-0',
228 silly addNameRange   hasData: true }
229 silly addNameRange versions [ 'body-parser',
229 silly addNameRange   [ '1.0.0',
229 silly addNameRange     '1.0.1',
229 silly addNameRange     '1.0.2',
229 silly addNameRange     '1.1.0',
229 silly addNameRange     '1.1.1',
229 silly addNameRange     '1.1.2',
229 silly addNameRange     '1.2.0',
229 silly addNameRange     '1.2.1',
229 silly addNameRange     '1.2.2',
229 silly addNameRange     '1.3.0',
229 silly addNameRange     '1.3.1',
229 silly addNameRange     '1.4.0',
229 silly addNameRange     '1.4.1',
229 silly addNameRange     '1.4.2',
229 silly addNameRange     '1.4.3',
229 silly addNameRange     '1.5.0',
229 silly addNameRange     '1.5.1',
229 silly addNameRange     '1.5.2',
229 silly addNameRange     '1.6.0',
229 silly addNameRange     '1.6.1',
229 silly addNameRange     '1.6.2',
229 silly addNameRange     '1.6.3',
229 silly addNameRange     '1.6.4',
229 silly addNameRange     '1.6.5',
229 silly addNameRange     '1.6.6',
229 silly addNameRange     '1.6.7',
229 silly addNameRange     '1.7.0',
229 silly addNameRange     '1.8.0',
229 silly addNameRange     '1.8.1',
229 silly addNameRange     '1.8.2',
229 silly addNameRange     '1.8.3',
229 silly addNameRange     '1.8.4',
229 silly addNameRange     '1.9.0',
229 silly addNameRange     '1.9.1',
229 silly addNameRange     '1.9.2',
229 silly addNameRange     '1.9.3',
229 silly addNameRange     '1.10.0',
229 silly addNameRange     '1.10.1',
229 silly addNameRange     '1.10.2',
229 silly addNameRange     '1.11.0',
229 silly addNameRange     '1.12.0',
229 silly addNameRange     '1.12.1',
229 silly addNameRange     '1.12.2',
229 silly addNameRange     '1.12.3',
229 silly addNameRange     '1.12.4',
229 silly addNameRange     '1.13.0' ] ]
230 verbose addNamed [ 'body-parser', '1.12.4' ]
231 verbose addNamed [ '1.12.4', '1.12.4' ]
232 silly lockFile b06c8939-body-parser-1-12-4 body-parser@1.12.4
233 verbose lock body-parser@1.12.4 /Users/mcwalinski/.npm/b06c8939-body-parser-1-12-4.lock
234 silly lockFile d9a2a4ba--org-mongoose-mongoose-4-0-5-tgz https://registry.npmjs.org/mongoose/-/mongoose-4.0.5.tgz
235 verbose lock https://registry.npmjs.org/mongoose/-/mongoose-4.0.5.tgz /Users/mcwalinski/.npm/d9a2a4ba--org-mongoose-mongoose-4-0-5-tgz.lock
236 http 200 https://registry.npmjs.org/morgan/-/morgan-1.5.3.tgz
237 silly lockFile 36923138-dy-parser-body-parser-1-12-4-tgz https://registry.npmjs.org/body-parser/-/body-parser-1.12.4.tgz
238 verbose lock https://registry.npmjs.org/body-parser/-/body-parser-1.12.4.tgz /Users/mcwalinski/.npm/36923138-dy-parser-body-parser-1-12-4-tgz.lock
239 verbose addRemoteTarball [ 'https://registry.npmjs.org/mongoose/-/mongoose-4.0.5.tgz',
239 verbose addRemoteTarball   'f6781d96100e84d6cf72990efdca0ff7bc883a3d' ]
240 verbose addRemoteTarball [ 'https://registry.npmjs.org/body-parser/-/body-parser-1.12.4.tgz',
240 verbose addRemoteTarball   '090700c4ba28862a8520ef378395fdee5f61c229' ]
241 silly addNameRange number 2 { name: 'debug', range: '>=2.1.1-0 <2.2.0-0', hasData: true }
242 silly addNameRange versions [ 'debug',
242 silly addNameRange   [ '0.0.1',
242 silly addNameRange     '0.1.0',
242 silly addNameRange     '0.2.0',
242 silly addNameRange     '0.3.0',
242 silly addNameRange     '0.4.0',
242 silly addNameRange     '0.4.1',
242 silly addNameRange     '0.5.0',
242 silly addNameRange     '0.6.0',
242 silly addNameRange     '0.7.0',
242 silly addNameRange     '0.7.1',
242 silly addNameRange     '0.7.2',
242 silly addNameRange     '0.7.3',
242 silly addNameRange     '0.7.4',
242 silly addNameRange     '0.8.0',
242 silly addNameRange     '0.8.1',
242 silly addNameRange     '1.0.0',
242 silly addNameRange     '1.0.1',
242 silly addNameRange     '1.0.2',
242 silly addNameRange     '1.0.3',
242 silly addNameRange     '1.0.4',
242 silly addNameRange     '2.0.0',
242 silly addNameRange     '2.1.0',
242 silly addNameRange     '2.1.1',
242 silly addNameRange     '2.1.2',
242 silly addNameRange     '2.1.3',
242 silly addNameRange     '2.2.0' ] ]
243 verbose addNamed [ 'debug', '2.1.3' ]
244 verbose addNamed [ '2.1.3', '2.1.3' ]
245 silly lockFile aef7a5b5-debug-2-1-3 debug@2.1.3
246 verbose lock debug@2.1.3 /Users/mcwalinski/.npm/aef7a5b5-debug-2-1-3.lock
247 http 200 https://registry.npmjs.org/express
248 silly registry.get cb [ 200,
248 silly registry.get   { server: 'CouchDB/1.5.0 (Erlang OTP/R16B03)',
248 silly registry.get     etag: '"1SVRAS9LQJ98Y6HKDT8HCN4A1"',
248 silly registry.get     'content-type': 'application/json',
248 silly registry.get     'cache-control': 'max-age=60',
248 silly registry.get     'content-length': '499865',
248 silly registry.get     'accept-ranges': 'bytes',
248 silly registry.get     date: 'Tue, 16 Jun 2015 16:38:52 GMT',
248 silly registry.get     via: '1.1 varnish',
248 silly registry.get     age: '56',
248 silly registry.get     connection: 'keep-alive',
248 silly registry.get     'x-served-by': 'cache-iad2132-IAD',
248 silly registry.get     'x-cache': 'HIT',
248 silly registry.get     'x-cache-hits': '1',
248 silly registry.get     'x-timer': 'S1434472732.723972,VS0,VE4',
248 silly registry.get     vary: 'Accept' } ]
249 info retry fetch attempt 1 at 12:38:52
250 verbose fetch to= /var/folders/jc/kw12555j60d8tm518sbxvz8r0000gn/T/npm-63963-AHWukyi6/registry.npmjs.org/mongoose/-/mongoose-4.0.5.tgz
251 http 200 https://registry.npmjs.org/method-override
252 silly registry.get cb [ 200,
252 silly registry.get   { server: 'CouchDB/1.5.0 (Erlang OTP/R16B03)',
252 silly registry.get     etag: '"50FS6DUGZJ2HNMOTIUNCMMTQ"',
252 silly registry.get     'content-type': 'application/json',
252 silly registry.get     'cache-control': 'max-age=60',
252 silly registry.get     'content-length': '32055',
252 silly registry.get     'accept-ranges': 'bytes',
252 silly registry.get     date: 'Tue, 16 Jun 2015 16:38:52 GMT',
252 silly registry.get     via: '1.1 varnish',
252 silly registry.get     age: '0',
252 silly registry.get     connection: 'keep-alive',
252 silly registry.get     'x-served-by': 'cache-iad2145-IAD',
252 silly registry.get     'x-cache': 'HIT',
252 silly registry.get     'x-cache-hits': '1',
252 silly registry.get     'x-timer': 'S1434472732.750074,VS0,VE92',
252 silly registry.get     vary: 'Accept' } ]
253 silly lockFile f5dbddfd-stry-npmjs-org-ejs-ejs-2-3-1-tgz https://registry.npmjs.org/ejs/-/ejs-2.3.1.tgz
254 silly lockFile f5dbddfd-stry-npmjs-org-ejs-ejs-2-3-1-tgz https://registry.npmjs.org/ejs/-/ejs-2.3.1.tgz
255 info retry fetch attempt 1 at 12:38:52
256 verbose fetch to= /var/folders/jc/kw12555j60d8tm518sbxvz8r0000gn/T/npm-63963-AHWukyi6/registry.npmjs.org/body-parser/-/body-parser-1.12.4.tgz
257 http GET https://registry.npmjs.org/mongoose/-/mongoose-4.0.5.tgz
258 silly lockFile 823d5f08-ejs-2-3-1 ejs@2.3.1
259 silly lockFile 823d5f08-ejs-2-3-1 ejs@2.3.1
260 silly lockFile 4c901309-e-parser-cookie-parser-1-3-5-tgz https://registry.npmjs.org/cookie-parser/-/cookie-parser-1.3.5.tgz
261 silly lockFile 4c901309-e-parser-cookie-parser-1-3-5-tgz https://registry.npmjs.org/cookie-parser/-/cookie-parser-1.3.5.tgz
262 silly lockFile 35acc1b3-ejs-2-3-1 ejs@~2.3.1
263 silly lockFile 35acc1b3-ejs-2-3-1 ejs@~2.3.1
264 http GET https://registry.npmjs.org/body-parser/-/body-parser-1.12.4.tgz
265 silly lockFile b6f1abc3-cookie-parser-1-3-5 cookie-parser@1.3.5
266 silly lockFile b6f1abc3-cookie-parser-1-3-5 cookie-parser@1.3.5
267 silly lockFile bb69fa92-cookie-parser-1-3-4 cookie-parser@~1.3.4
268 silly lockFile bb69fa92-cookie-parser-1-3-4 cookie-parser@~1.3.4
269 silly addNameRange number 2 { name: 'express', range: '>=4.12.2-0 <4.13.0-0', hasData: true }
270 silly addNameRange versions [ 'express',
270 silly addNameRange   [ '0.14.0',
270 silly addNameRange     '0.14.1',
270 silly addNameRange     '1.0.0',
270 silly addNameRange     '1.0.1',
270 silly addNameRange     '1.0.2',
270 silly addNameRange     '1.0.3',
270 silly addNameRange     '1.0.4',
270 silly addNameRange     '1.0.5',
270 silly addNameRange     '1.0.6',
270 silly addNameRange     '1.0.7',
270 silly addNameRange     '1.0.8',
270 silly addNameRange     '2.0.0',
270 silly addNameRange     '2.1.0',
270 silly addNameRange     '2.1.1',
270 silly addNameRange     '2.2.0',
270 silly addNameRange     '2.2.1',
270 silly addNameRange     '2.2.2',
270 silly addNameRange     '2.3.0',
270 silly addNameRange     '2.3.1',
270 silly addNameRange     '2.3.2',
270 silly addNameRange     '2.3.3',
270 silly addNameRange     '2.3.4',
270 silly addNameRange     '2.3.5',
270 silly addNameRange     '2.3.6',
270 silly addNameRange     '2.3.7',
270 silly addNameRange     '2.3.8',
270 silly addNameRange     '2.3.9',
270 silly addNameRange     '2.3.10',
270 silly addNameRange     '2.3.11',
270 silly addNameRange     '2.3.12',
270 silly addNameRange     '2.4.0',
270 silly addNameRange     '2.4.1',
270 silly addNameRange     '2.4.2',
270 silly addNameRange     '2.4.3',
270 silly addNameRange     '2.4.4',
270 silly addNameRange     '2.4.5',
270 silly addNameRange     '2.4.6',
270 silly addNameRange     '2.4.7',
270 silly addNameRange     '2.5.0',
270 silly addNameRange     '2.5.1',
270 silly addNameRange     '2.5.2',
270 silly addNameRange     '2.5.3',
270 silly addNameRange     '2.5.4',
270 silly addNameRange     '2.5.5',
270 silly addNameRange     '2.5.6',
270 silly addNameRange     '2.5.7',
270 silly addNameRange     '2.5.8',
270 silly addNameRange     '2.5.9',
270 silly addNameRange     '2.5.10',
270 silly addNameRange     '2.5.11',
270 silly addNameRange     '3.0.0',
270 silly addNameRange     '3.0.1',
270 silly addNameRange     '3.0.2',
270 silly addNameRange     '3.0.3',
270 silly addNameRange     '3.0.4',
270 silly addNameRange     '3.0.5',
270 silly addNameRange     '3.0.6',
270 silly addNameRange     '3.1.0',
270 silly addNameRange     '3.1.1',
270 silly addNameRange     '3.1.2',
270 silly addNameRange     '3.2.0',
270 silly addNameRange     '3.2.1',
270 silly addNameRange     '3.2.2',
270 silly addNameRange     '3.2.3',
270 silly addNameRange     '3.2.4',
270 silly addNameRange     '3.2.5',
270 silly addNameRange     '3.2.6',
270 silly addNameRange     '3.3.0',
270 silly addNameRange     '3.3.1',
270 silly addNameRange     '3.3.2',
270 silly addNameRange     '3.3.3',
270 silly addNameRange     '3.3.4',
270 silly addNameRange     '3.3.5',
270 silly addNameRange     '3.3.6',
270 silly addNameRange     '1.0.0-beta',
270 silly addNameRange     '1.0.0-beta2',
270 silly addNameRange     '1.0.0-rc',
270 silly addNameRange     '1.0.0-rc2',
270 silly addNameRange     '1.0.0-rc3',
270 silly addNameRange     '1.0.0-rc4',
270 silly addNameRange     '2.0.0-beta',
270 silly addNameRange     '2.0.0-beta2',
270 silly addNameRange     '2.0.0-beta3',
270 silly addNameRange     '2.0.0-rc',
270 silly addNameRange     '2.0.0-rc2',
270 silly addNameRange     '2.0.0-rc3',
270 silly addNameRange     '3.0.0-alpha1',
270 silly addNameRange     '3.0.0-alpha2',
270 silly addNameRange     '3.0.0-alpha3',
270 silly addNameRange     '3.0.0-alpha4',
270 silly addNameRange     '3.0.0-alpha5',
270 silly addNameRange     '3.0.0-beta1',
270 silly addNameRange     '3.0.0-beta2',
270 silly addNameRange     '3.0.0-beta3',
270 silly addNameRange     '3.0.0-beta4',
270 silly addNameRange     '3.0.0-beta6',
270 silly addNameRange     '3.0.0-beta7',
270 silly addNameRange     '3.0.0-rc1',
270 silly addNameRange     '3.0.0-rc2',
270 silly addNameRange     '3.0.0-rc3',
270 silly addNameRange     '3.0.0-rc4',
270 silly addNameRange     '3.0.0-rc5',
270 silly addNameRange     '3.3.7',
270 silly addNameRange     '3.3.8',
270 silly addNameRange     '3.4.0',
270 silly addNameRange     '3.4.1',
270 silly addNameRange     '3.4.2',
270 silly addNameRange     '3.4.3',
270 silly addNameRange     '3.4.4',
270 silly addNameRange     '3.4.5',
270 silly addNameRange     '3.4.6',
270 silly addNameRange     '3.4.7',
270 silly addNameRange     '3.4.8',
270 silly addNameRange     '4.0.0-rc1',
270 silly addNameRange     '4.0.0-rc2',
270 silly addNameRange     '3.5.0',
270 silly addNameRange     '4.0.0-rc3',
270 silly addNameRange     '4.0.0-rc4',
270 silly addNameRange     '3.5.1',
270 silly addNameRange     '4.0.0',
270 silly addNameRange     '3.5.2',
270 silly addNameRange     '4.1.0',
270 silly addNameRange     '4.1.1',
270 silly addNameRange     '3.5.3',
270 silly addNameRange     '4.1.2',
270 silly addNameRange     '3.6.0',
270 silly addNameRange     '4.2.0',
270 silly addNameRange     '3.7.0',
270 silly addNameRange     '3.8.0',
270 silly addNameRange     '4.3.0',
270 silly addNameRange     '4.3.1',
270 silly addNameRange     '3.8.1',
270 silly addNameRange     '4.3.2',
270 silly addNameRange     '3.9.0',
270 silly addNameRange     '4.4.0',
270 silly addNameRange     '4.4.1',
270 silly addNameRange     '3.10.0',
270 silly addNameRange     '3.10.1',
270 silly addNameRange     '3.10.2',
270 silly addNameRange     '3.10.3',
270 silly addNameRange     '3.10.4',
270 silly addNameRange     '4.4.2',
270 silly addNameRange     '3.10.5',
270 silly addNameRange     '4.4.3',
270 silly addNameRange     '3.11.0',
270 silly addNameRange     '4.4.4',
270 silly addNameRange     '3.12.0',
270 silly addNameRange     '3.12.1',
270 silly addNameRange     '4.4.5',
270 silly addNameRange     '3.13.0',
270 silly addNameRange     '4.5.0',
270 silly addNameRange     '4.5.1',
270 silly addNameRange     '3.14.0',
270 silly addNameRange     '4.6.0',
270 silly addNameRange     '4.6.1',
270 silly addNameRange     '3.15.0',
270 silly addNameRange     '4.7.0',
270 silly addNameRange     '3.15.1',
270 silly addNameRange     '4.7.1',
270 silly addNameRange     '3.15.2',
270 silly addNameRange     '4.7.2',
270 silly addNameRange     '4.7.3',
270 silly addNameRange     '3.15.3',
270 silly addNameRange     '4.7.4',
270 silly addNameRange     '3.16.0',
270 silly addNameRange     '4.8.0',
270 silly addNameRange     '3.16.1',
270 silly addNameRange     '4.8.1',
270 silly addNameRange     '3.16.2',
270 silly addNameRange     '4.8.2',
270 silly addNameRange     '3.16.3',
270 silly addNameRange     '3.16.4',
270 silly addNameRange     '4.8.3',
270 silly addNameRange     '3.16.5',
270 silly addNameRange     '3.16.6',
270 silly addNameRange     '4.8.4',
270 silly addNameRange     '3.16.7',
270 silly addNameRange     '4.8.5',
270 silly addNameRange     '3.16.8',
270 silly addNameRange     '4.8.6',
270 silly addNameRange     '3.16.9',
270 silly addNameRange     '4.8.7',
270 silly addNameRange     '3.16.10',
270 silly addNameRange     '4.8.8',
270 silly addNameRange     '3.17.0',
270 silly addNameRange     '3.17.1',
270 silly addNameRange     '4.9.0',
270 silly addNameRange     '3.17.2',
270 silly addNameRange     '4.9.1',
270 silly addNameRange     '4.9.2',
270 silly addNameRange     '3.17.3',
270 silly addNameRange     '4.9.3',
270 silly addNameRange     '3.17.4',
270 silly addNameRange     '4.9.4',
270 silly addNameRange     '3.17.5',
270 silly addNameRange     '4.9.5',
270 silly addNameRange     '3.17.6',
270 silly addNameRange     '3.17.7',
270 silly addNameRange     '4.9.6',
270 silly addNameRange     '4.9.7',
270 silly addNameRange     '3.17.8',
270 silly addNameRange     '4.9.8',
270 silly addNameRange     '3.18.0',
270 silly addNameRange     '3.18.1',
270 silly addNameRange     '4.10.0',
270 silly addNameRange     '3.18.2',
270 silly addNameRange     '4.10.1',
270 silly addNameRange     '5.0.0-alpha.1',
270 silly addNameRange     '3.18.3',
270 silly addNameRange     '4.10.2',
270 silly addNameRange     '3.18.4',
270 silly addNameRange     '4.10.3',
270 silly addNameRange     '4.10.4',
270 silly addNameRange     '4.10.5',
270 silly addNameRange     '3.18.5',
270 silly addNameRange     '3.18.6',
270 silly addNameRange     '4.10.6',
270 silly addNameRange     '4.10.7',
270 silly addNameRange     '3.19.0',
270 silly addNameRange     '4.10.8',
270 silly addNameRange     '4.11.0',
270 silly addNameRange     '3.19.1',
270 silly addNameRange     '4.11.1',
270 silly addNameRange     '3.19.2',
270 silly addNameRange     '4.11.2',
270 silly addNameRange     '3.20.0',
270 silly addNameRange     '4.12.0',
270 silly addNameRange     '3.20.1',
270 silly addNameRange     '4.12.1',
270 silly addNameRange     '4.12.2',
270 silly addNameRange     '3.20.2',
270 silly addNameRange     '4.12.3',
270 silly addNameRange     '3.20.3',
270 silly addNameRange     '4.12.4' ] ]
271 verbose addNamed [ 'express', '4.12.4' ]
272 verbose addNamed [ '4.12.4', '4.12.4' ]
273 silly lockFile 3b813118-express-4-12-4 express@4.12.4
274 verbose lock express@4.12.4 /Users/mcwalinski/.npm/3b813118-express-4-12-4.lock
275 silly addNameRange number 2 { name: 'method-override',
275 silly addNameRange   range: '>=2.3.3-0 <3.0.0-0',
275 silly addNameRange   hasData: true }
276 silly addNameRange versions [ 'method-override',
276 silly addNameRange   [ '1.0.0',
276 silly addNameRange     '1.0.1',
276 silly addNameRange     '1.0.2',
276 silly addNameRange     '2.0.0',
276 silly addNameRange     '2.0.1',
276 silly addNameRange     '2.0.2',
276 silly addNameRange     '2.1.0',
276 silly addNameRange     '2.1.1',
276 silly addNameRange     '2.1.2',
276 silly addNameRange     '2.1.3',
276 silly addNameRange     '2.2.0',
276 silly addNameRange     '2.3.0',
276 silly addNameRange     '2.3.1',
276 silly addNameRange     '2.3.2',
276 silly addNameRange     '2.3.3' ] ]
277 verbose addNamed [ 'method-override', '2.3.3' ]
278 verbose addNamed [ '2.3.3', '2.3.3' ]
279 silly lockFile 000b6bab-method-override-2-3-3 method-override@2.3.3
280 verbose lock method-override@2.3.3 /Users/mcwalinski/.npm/000b6bab-method-override-2-3-3.lock
281 silly lockFile 018f992a-s-org-express-express-4-12-4-tgz https://registry.npmjs.org/express/-/express-4.12.4.tgz
282 verbose lock https://registry.npmjs.org/express/-/express-4.12.4.tgz /Users/mcwalinski/.npm/018f992a-s-org-express-express-4-12-4-tgz.lock
283 silly lockFile dae6ce25-erride-method-override-2-3-3-tgz https://registry.npmjs.org/method-override/-/method-override-2.3.3.tgz
284 verbose lock https://registry.npmjs.org/method-override/-/method-override-2.3.3.tgz /Users/mcwalinski/.npm/dae6ce25-erride-method-override-2-3-3-tgz.lock
285 silly lockFile 491383d5-pmjs-org-morgan-morgan-1-5-3-tgz https://registry.npmjs.org/morgan/-/morgan-1.5.3.tgz
286 silly lockFile 491383d5-pmjs-org-morgan-morgan-1-5-3-tgz https://registry.npmjs.org/morgan/-/morgan-1.5.3.tgz
287 verbose addRemoteTarball [ 'https://registry.npmjs.org/express/-/express-4.12.4.tgz',
287 verbose addRemoteTarball   '8fec2510255bc6b2e58107c48239c0fa307c1aa2' ]
288 silly lockFile 012ce855-morgan-1-5-3 morgan@1.5.3
289 silly lockFile 012ce855-morgan-1-5-3 morgan@1.5.3
290 silly lockFile aef7a5b5-debug-2-1-3 debug@2.1.3
291 silly lockFile aef7a5b5-debug-2-1-3 debug@2.1.3
292 verbose addRemoteTarball [ 'https://registry.npmjs.org/method-override/-/method-override-2.3.3.tgz',
292 verbose addRemoteTarball   '5dc2186d26343bf33e7a2001a8aa3e50440e772b' ]
293 silly lockFile 66ba047d-morgan-1-5-1 morgan@~1.5.1
294 silly lockFile 66ba047d-morgan-1-5-1 morgan@~1.5.1
295 silly lockFile 09d11068-debug-2-1-1 debug@~2.1.1
296 silly lockFile 09d11068-debug-2-1-1 debug@~2.1.1
297 info retry fetch attempt 1 at 12:38:52
298 verbose fetch to= /var/folders/jc/kw12555j60d8tm518sbxvz8r0000gn/T/npm-63963-AHWukyi6/registry.npmjs.org/express/-/express-4.12.4.tgz
299 info retry fetch attempt 1 at 12:38:52
300 verbose fetch to= /var/folders/jc/kw12555j60d8tm518sbxvz8r0000gn/T/npm-63963-AHWukyi6/registry.npmjs.org/method-override/-/method-override-2.3.3.tgz
301 http GET https://registry.npmjs.org/express/-/express-4.12.4.tgz
302 http GET https://registry.npmjs.org/method-override/-/method-override-2.3.3.tgz
303 http 200 https://registry.npmjs.org/body-parser/-/body-parser-1.12.4.tgz
304 silly lockFile 36923138-dy-parser-body-parser-1-12-4-tgz https://registry.npmjs.org/body-parser/-/body-parser-1.12.4.tgz
305 silly lockFile 36923138-dy-parser-body-parser-1-12-4-tgz https://registry.npmjs.org/body-parser/-/body-parser-1.12.4.tgz
306 silly lockFile b06c8939-body-parser-1-12-4 body-parser@1.12.4
307 silly lockFile b06c8939-body-parser-1-12-4 body-parser@1.12.4
308 silly lockFile 6121e062-body-parser-1-12-0 body-parser@~1.12.0
309 silly lockFile 6121e062-body-parser-1-12-0 body-parser@~1.12.0
310 http 200 https://registry.npmjs.org/mongoose/-/mongoose-4.0.5.tgz
311 http 200 https://registry.npmjs.org/method-override/-/method-override-2.3.3.tgz
312 silly lockFile dae6ce25-erride-method-override-2-3-3-tgz https://registry.npmjs.org/method-override/-/method-override-2.3.3.tgz
313 silly lockFile dae6ce25-erride-method-override-2-3-3-tgz https://registry.npmjs.org/method-override/-/method-override-2.3.3.tgz
314 silly lockFile 000b6bab-method-override-2-3-3 method-override@2.3.3
315 silly lockFile 000b6bab-method-override-2-3-3 method-override@2.3.3
316 silly lockFile f804fdef-method-override-2-3-3 method-override@^2.3.3
317 silly lockFile f804fdef-method-override-2-3-3 method-override@^2.3.3
318 http 200 https://registry.npmjs.org/express/-/express-4.12.4.tgz
319 silly lockFile 018f992a-s-org-express-express-4-12-4-tgz https://registry.npmjs.org/express/-/express-4.12.4.tgz
320 silly lockFile 018f992a-s-org-express-express-4-12-4-tgz https://registry.npmjs.org/express/-/express-4.12.4.tgz
321 silly lockFile 3b813118-express-4-12-4 express@4.12.4
322 silly lockFile 3b813118-express-4-12-4 express@4.12.4
323 silly lockFile 702f5120-express-4-12-2 express@~4.12.2
324 silly lockFile 702f5120-express-4-12-2 express@~4.12.2
325 silly lockFile d9a2a4ba--org-mongoose-mongoose-4-0-5-tgz https://registry.npmjs.org/mongoose/-/mongoose-4.0.5.tgz
326 silly lockFile d9a2a4ba--org-mongoose-mongoose-4-0-5-tgz https://registry.npmjs.org/mongoose/-/mongoose-4.0.5.tgz
327 silly lockFile 59dd479b-mongoose-4-0-5 mongoose@4.0.5
328 silly lockFile 59dd479b-mongoose-4-0-5 mongoose@4.0.5
329 silly lockFile 6d5e1044-mongoose-4-0-1 mongoose@^4.0.1
330 silly lockFile 6d5e1044-mongoose-4-0-1 mongoose@^4.0.1
331 http 200 https://registry.npmjs.org/serve-favicon
332 silly registry.get cb [ 200,
332 silly registry.get   { server: 'CouchDB/1.5.0 (Erlang OTP/R16B03)',
332 silly registry.get     etag: '"CK3F2IOHFPJLV9K4U2JZ9OC2L"',
332 silly registry.get     'content-type': 'application/json',
332 silly registry.get     'cache-control': 'max-age=60',
332 silly registry.get     'content-length': '23759',
332 silly registry.get     'accept-ranges': 'bytes',
332 silly registry.get     date: 'Tue, 16 Jun 2015 16:38:53 GMT',
332 silly registry.get     via: '1.1 varnish',
332 silly registry.get     age: '0',
332 silly registry.get     connection: 'keep-alive',
332 silly registry.get     'x-served-by': 'cache-iad2127-IAD',
332 silly registry.get     'x-cache': 'HIT',
332 silly registry.get     'x-cache-hits': '1',
332 silly registry.get     'x-timer': 'S1434472732.765540,VS0,VE373',
332 silly registry.get     vary: 'Accept' } ]
333 silly addNameRange number 2 { name: 'serve-favicon',
333 silly addNameRange   range: '>=2.2.0-0 <2.3.0-0',
333 silly addNameRange   hasData: true }
334 silly addNameRange versions [ 'serve-favicon',
334 silly addNameRange   [ '2.0.0',
334 silly addNameRange     '2.0.1',
334 silly addNameRange     '2.1.0',
334 silly addNameRange     '2.1.1',
334 silly addNameRange     '2.1.2',
334 silly addNameRange     '2.1.3',
334 silly addNameRange     '2.1.4',
334 silly addNameRange     '2.1.5',
334 silly addNameRange     '2.1.6',
334 silly addNameRange     '2.1.7',
334 silly addNameRange     '2.2.0',
334 silly addNameRange     '2.2.1',
334 silly addNameRange     '2.3.0' ] ]
335 verbose addNamed [ 'serve-favicon', '2.2.1' ]
336 verbose addNamed [ '2.2.1', '2.2.1' ]
337 silly lockFile 6918e89a-serve-favicon-2-2-1 serve-favicon@2.2.1
338 verbose lock serve-favicon@2.2.1 /Users/mcwalinski/.npm/6918e89a-serve-favicon-2-2-1.lock
339 silly lockFile 9e8bc462--favicon-serve-favicon-2-2-1-tgz https://registry.npmjs.org/serve-favicon/-/serve-favicon-2.2.1.tgz
340 verbose lock https://registry.npmjs.org/serve-favicon/-/serve-favicon-2.2.1.tgz /Users/mcwalinski/.npm/9e8bc462--favicon-serve-favicon-2-2-1-tgz.lock
341 verbose addRemoteTarball [ 'https://registry.npmjs.org/serve-favicon/-/serve-favicon-2.2.1.tgz',
341 verbose addRemoteTarball   'd97bacc150f66fe0e5cc4c78a84ba15bae5a584a' ]
342 info retry fetch attempt 1 at 12:38:53
343 verbose fetch to= /var/folders/jc/kw12555j60d8tm518sbxvz8r0000gn/T/npm-63963-AHWukyi6/registry.npmjs.org/serve-favicon/-/serve-favicon-2.2.1.tgz
344 http GET https://registry.npmjs.org/serve-favicon/-/serve-favicon-2.2.1.tgz
345 http 200 https://registry.npmjs.org/serve-favicon/-/serve-favicon-2.2.1.tgz
346 silly lockFile 9e8bc462--favicon-serve-favicon-2-2-1-tgz https://registry.npmjs.org/serve-favicon/-/serve-favicon-2.2.1.tgz
347 silly lockFile 9e8bc462--favicon-serve-favicon-2-2-1-tgz https://registry.npmjs.org/serve-favicon/-/serve-favicon-2.2.1.tgz
348 silly lockFile 6918e89a-serve-favicon-2-2-1 serve-favicon@2.2.1
349 silly lockFile 6918e89a-serve-favicon-2-2-1 serve-favicon@2.2.1
350 silly lockFile 9df5bad7-serve-favicon-2-2-0 serve-favicon@~2.2.0
351 silly lockFile 9df5bad7-serve-favicon-2-2-0 serve-favicon@~2.2.0
352 error Error: EACCES, mkdir '/Users/mcwalinski/.npm/ejs/2.3.1'
352 error  { [Error: EACCES, mkdir '/Users/mcwalinski/.npm/ejs/2.3.1']
352 error   errno: 3,
352 error   code: 'EACCES',
352 error   path: '/Users/mcwalinski/.npm/ejs/2.3.1',
352 error   parent: 'MeanStack' }
353 error Please try running this command again as root/Administrator.
354 error System Darwin 14.3.0
355 error command "node" "/usr/local/bin/npm" "install"
356 error cwd /Users/mcwalinski/WashingtonPost/video
357 error node -v v0.10.33
358 error npm -v 1.4.28
359 error path /Users/mcwalinski/.npm/ejs/2.3.1
360 error code EACCES
361 error errno 3
362 error stack Error: EACCES, mkdir '/Users/mcwalinski/.npm/ejs/2.3.1'
363 verbose exit [ 3, true ]
